<?xml version="1.0" encoding="UTF-8"?>
<!-- Generated by org.testng.reporters.JUnitXMLReporter -->
<testsuite ignored="0" hostname="DESKTOP-6NQ8E1M" failures="2" tests="3" name="Test" time="12.392" errors="0" timestamp="2025-06-28T11:31:48 IST">
  <testcase classname="io.cucumber.testng.AbstractTestNGCucumberTests" name="runScenario" time="9.793">
    <failure type="java.lang.AssertionError" message="expected [Logged In Successfully | Practice Test Automation] but found [Test Login | Practice Test Automation]">
      <![CDATA[java.lang.AssertionError: expected [Logged In Successfully | Practice Test Automation] but found [Test Login | Practice Test Automation]
at com.stepcampus.automation.tests.stepdefs.LoginSteps.user_should_land_on_home_page(LoginSteps.java:30)
at ✽.User should land on Home Page(classpath:features/login.feature:6)
... Removed 6 stack frames]]>
    </failure>
  </testcase> <!-- runScenario -->
  <testcase classname="io.cucumber.testng.AbstractTestNGCucumberTests" name="runScenario" time="9.791">
    <failure type="java.lang.AssertionError" message="expected [Logged In Successfully | Practice Test Automation] but found [Test Login | Practice Test Automation]">
      <![CDATA[java.lang.AssertionError: expected [Logged In Successfully | Practice Test Automation] but found [Test Login | Practice Test Automation]
at com.stepcampus.automation.tests.stepdefs.LoginSteps.user_should_land_on_home_page(LoginSteps.java:30)
at ✽.User should land on Home Page(classpath:features/login.feature:6)
... Removed 6 stack frames]]>
    </failure>
  </testcase> <!-- runScenario -->
  <testcase classname="io.cucumber.testng.AbstractTestNGCucumberTests" name="runScenario" time="11.103"/>
</testsuite> <!-- Test -->
