<?xml version="1.0" encoding="UTF-8"?>
<testng-results ignored="0" total="3" passed="1" failed="2" skipped="0">
  <reporter-output>
  </reporter-output>
  <suite started-at="2025-06-26T01:06:15 IST" name="Suite" finished-at="2025-06-26T01:06:27 IST" duration-ms="12633">
    <groups>
      <group name="cucumber">
        <method signature="AbstractTestNGCucumberTests.runScenario(io.cucumber.testng.PickleWrapper,io.cucumber.testng.FeatureWrapper)[pri:0, instance:com.stepcampus.automation.tests.runners.TestRunner@a8ef162]" name="runScenario" class="io.cucumber.testng.AbstractTestNGCucumberTests"/>
      </group> <!-- cucumber -->
    </groups>
    <test started-at="2025-06-26T01:06:15 IST" name="Test" finished-at="2025-06-26T01:06:27 IST" duration-ms="12633">
      <class name="com.stepcampus.automation.tests.runners.TestRunner">
        <test-method is-config="true" signature="setUpClass(org.testng.ITestContext)[pri:0, instance:com.stepcampus.automation.tests.runners.TestRunner@a8ef162]" started-at="2025-06-26T01:06:15 IST" name="setUpClass" finished-at="2025-06-26T01:06:16 IST" duration-ms="941" status="PASS">
          <params>
            <param index="0">
              <value>
                <![CDATA[org.testng.TestRunner@3d246ea3]]>
              </value>
            </param>
          </params>
          <reporter-output>
          </reporter-output>
        </test-method> <!-- setUpClass -->
        <test-method signature="runScenario(io.cucumber.testng.PickleWrapper,io.cucumber.testng.FeatureWrapper)[pri:0, instance:com.stepcampus.automation.tests.runners.TestRunner@a8ef162]" started-at="2025-06-26T01:06:16 IST" name="runScenario" description="Runs Cucumber Scenarios" data-provider="scenarios" finished-at="2025-06-26T01:06:27 IST" duration-ms="11583" status="PASS">
          <params>
            <param index="0">
              <value>
                <![CDATA["Valid login to application"]]>
              </value>
            </param>
            <param index="1">
              <value>
                <![CDATA["Login functionality"]]>
              </value>
            </param>
          </params>
          <reporter-output>
          </reporter-output>
        </test-method> <!-- runScenario -->
        <test-method signature="runScenario(io.cucumber.testng.PickleWrapper,io.cucumber.testng.FeatureWrapper)[pri:0, instance:com.stepcampus.automation.tests.runners.TestRunner@a8ef162]" started-at="2025-06-26T01:06:16 IST" name="runScenario" description="Runs Cucumber Scenarios" data-provider="scenarios" finished-at="2025-06-26T01:06:26 IST" duration-ms="10109" status="FAIL">
          <params>
            <param index="0">
              <value>
                <![CDATA["Valid login to application"]]>
              </value>
            </param>
            <param index="1">
              <value>
                <![CDATA["Login functionality"]]>
              </value>
            </param>
          </params>
          <exception class="java.lang.AssertionError">
            <full-stacktrace>
              <![CDATA[java.lang.AssertionError
at org.junit.Assert.fail(Assert.java:87)
at org.junit.Assert.assertTrue(Assert.java:42)
at org.junit.Assert.assertTrue(Assert.java:53)
at com.stepcampus.automation.tests.stepdefs.LoginSteps.user_should_land_on_home_page(LoginSteps.java:28)
at ✽.User should land on Home Page(classpath:features/login.feature:6)
]]>
            </full-stacktrace>
          </exception> <!-- java.lang.AssertionError -->
          <reporter-output>
          </reporter-output>
        </test-method> <!-- runScenario -->
        <test-method signature="runScenario(io.cucumber.testng.PickleWrapper,io.cucumber.testng.FeatureWrapper)[pri:0, instance:com.stepcampus.automation.tests.runners.TestRunner@a8ef162]" started-at="2025-06-26T01:06:16 IST" name="runScenario" description="Runs Cucumber Scenarios" data-provider="scenarios" finished-at="2025-06-26T01:06:26 IST" duration-ms="10109" status="FAIL">
          <params>
            <param index="0">
              <value>
                <![CDATA["Valid login to application"]]>
              </value>
            </param>
            <param index="1">
              <value>
                <![CDATA["Login functionality"]]>
              </value>
            </param>
          </params>
          <exception class="java.lang.AssertionError">
            <full-stacktrace>
              <![CDATA[java.lang.AssertionError
at org.junit.Assert.fail(Assert.java:87)
at org.junit.Assert.assertTrue(Assert.java:42)
at org.junit.Assert.assertTrue(Assert.java:53)
at com.stepcampus.automation.tests.stepdefs.LoginSteps.user_should_land_on_home_page(LoginSteps.java:28)
at ✽.User should land on Home Page(classpath:features/login.feature:6)
]]>
            </full-stacktrace>
          </exception> <!-- java.lang.AssertionError -->
          <reporter-output>
          </reporter-output>
        </test-method> <!-- runScenario -->
        <test-method is-config="true" signature="tearDownClass()[pri:0, instance:com.stepcampus.automation.tests.runners.TestRunner@a8ef162]" started-at="2025-06-26T01:06:27 IST" name="tearDownClass" finished-at="2025-06-26T01:06:27 IST" duration-ms="21" status="PASS">
          <reporter-output>
          </reporter-output>
        </test-method> <!-- tearDownClass -->
      </class> <!-- com.stepcampus.automation.tests.runners.TestRunner -->
    </test> <!-- Test -->
  </suite> <!-- Suite -->
</testng-results>
